<?xml version="1.0" encoding="UTF-8"?>
<!-- Generated by org.testng.reporters.JUnitXMLReporter -->
<testsuite ignored="2" hostname="Chocos-MacBook-Pro.local" failures="0" tests="1" name="Car Loan" time="0.002" errors="0" timestamp="2024-09-11T22:19:27 ICT">
  <testcase classname="test.test3" name="MobileLoginCarLoan" time="0.0"/>
  <testcase classname="test.test3" name="APILoginCarLoan" time="0.0">
    <ignored/>
  </testcase> <!-- APILoginCarLoan -->
  <testcase classname="test.test3" name="WebLoginCarLoan" time="0.0">
    <ignored/>
  </testcase> <!-- WebLoginCarLoan -->
</testsuite> <!-- Car Loan -->
