<?xml version="1.0" encoding="UTF-8"?>
<!-- Generated by org.testng.reporters.JUnitXMLReporter -->
<testsuite ignored="5" hostname="Chocos-MacBook-Pro.local" failures="0" tests="6" name="Personal Loan" time="0.018" errors="0" timestamp="2024-09-12T16:26:16 ICT">
  <testcase classname="test.test2" name="ploan" time="0.003"/>
  <testcase classname="test.test3" name="MobileLoginCarLoan" time="0.001"/>
  <testcase classname="test.test3" name="MobileSignOutCarLoan" time="0.001"/>
  <testcase classname="test.test3" name="MobileSignOutCarLoan" time="0.0"/>
  <testcase classname="test.test3" name="MobileSignOutCarLoan" time="0.0"/>
  <testcase classname="test.test3" name="WebLoginCarLoan" time="0.0"/>
  <testcase classname="test.test1" name="aurevoir" time="0.0">
    <ignored/>
  </testcase> <!-- aurevoir -->
  <testcase classname="test.test1" name="demo" time="0.0">
    <ignored/>
  </testcase> <!-- demo -->
  <testcase classname="test.test3" name="APILoginCarLoan" time="0.0">
    <ignored/>
  </testcase> <!-- APILoginCarLoan -->
  <testcase classname="test.test1" name="salut" time="0.0">
    <ignored/>
  </testcase> <!-- salut -->
  <testcase classname="test.test2" name="excecolu" time="0.0">
    <ignored/>
  </testcase> <!-- excecolu -->
</testsuite> <!-- Personal Loan -->
