<?xml version="1.0" encoding="UTF-8"?>
<testng-results ignored="5" total="11" passed="6" failed="0" skipped="0">
  <reporter-output>
  </reporter-output>
  <suite started-at="2024-09-12T16:26:11 ICT" name="Suite" finished-at="2024-09-12T16:26:11 ICT" duration-ms="18">
    <groups>
      <group name="Smoke">
        <method signature="test2.ploan()[pri:0, instance:test.test2@3c72f59f]" name="ploan" class="test.test2"/>
        <method signature="test3.MobileLoginCarLoan(java.lang.String,java.lang.String)[pri:0, instance:test.test3@60dcc9fe]" name="MobileLoginCarLoan" class="test.test3"/>
        <method signature="test3.MobileSignOutCarLoan(java.lang.String,java.lang.String)[pri:0, instance:test.test3@60dcc9fe]" name="MobileSignOutCarLoan" class="test.test3"/>
        <method signature="test3.WebLoginCarLoan()[pri:0, instance:test.test3@60dcc9fe]" name="WebLoginCarLoan" class="test.test3"/>
      </group> <!-- Smoke -->
    </groups>
    <test started-at="2024-09-12T16:26:11 ICT" name="Personal Loan" finished-at="2024-09-12T16:26:11 ICT" duration-ms="18">
      <class name="test.test2">
        <test-method signature="ploan()[pri:0, instance:test.test2@3c72f59f]" started-at="2024-09-12T16:26:11 ICT" name="ploan" finished-at="2024-09-12T16:26:11 ICT" duration-ms="3" status="PASS">
          <reporter-output>
          </reporter-output>
        </test-method> <!-- ploan -->
      </class> <!-- test.test2 -->
      <class name="test.test3">
        <test-method signature="MobileLoginCarLoan(java.lang.String,java.lang.String)[pri:0, instance:test.test3@60dcc9fe]" started-at="2024-09-12T16:26:11 ICT" name="MobileLoginCarLoan" finished-at="2024-09-12T16:26:11 ICT" duration-ms="1" status="PASS">
          <params>
            <param index="0">
              <value>
                <![CDATA[some url value]]>
              </value>
            </param>
            <param index="1">
              <value>
                <![CDATA[some key value]]>
              </value>
            </param>
          </params>
          <reporter-output>
          </reporter-output>
        </test-method> <!-- MobileLoginCarLoan -->
        <test-method signature="MobileSignOutCarLoan(java.lang.String,java.lang.String)[pri:0, instance:test.test3@60dcc9fe]" started-at="2024-09-12T16:26:11 ICT" name="MobileSignOutCarLoan" data-provider="getData" finished-at="2024-09-12T16:26:11 ICT" duration-ms="1" status="PASS">
          <params>
            <param index="0">
              <value>
                <![CDATA[1st username]]>
              </value>
            </param>
            <param index="1">
              <value>
                <![CDATA[1st password]]>
              </value>
            </param>
          </params>
          <reporter-output>
          </reporter-output>
        </test-method> <!-- MobileSignOutCarLoan -->
        <test-method signature="MobileSignOutCarLoan(java.lang.String,java.lang.String)[pri:0, instance:test.test3@60dcc9fe]" started-at="2024-09-12T16:26:11 ICT" name="MobileSignOutCarLoan" data-provider="getData" finished-at="2024-09-12T16:26:11 ICT" duration-ms="0" status="PASS">
          <params>
            <param index="0">
              <value>
                <![CDATA[2nd username]]>
              </value>
            </param>
            <param index="1">
              <value>
                <![CDATA[2nd password]]>
              </value>
            </param>
          </params>
          <reporter-output>
          </reporter-output>
        </test-method> <!-- MobileSignOutCarLoan -->
        <test-method signature="MobileSignOutCarLoan(java.lang.String,java.lang.String)[pri:0, instance:test.test3@60dcc9fe]" started-at="2024-09-12T16:26:11 ICT" name="MobileSignOutCarLoan" data-provider="getData" finished-at="2024-09-12T16:26:11 ICT" duration-ms="0" status="PASS">
          <params>
            <param index="0">
              <value>
                <![CDATA[3rd username]]>
              </value>
            </param>
            <param index="1">
              <value>
                <![CDATA[3rd password]]>
              </value>
            </param>
          </params>
          <reporter-output>
          </reporter-output>
        </test-method> <!-- MobileSignOutCarLoan -->
        <test-method signature="WebLoginCarLoan()[pri:0, instance:test.test3@60dcc9fe]" started-at="2024-09-12T16:26:11 ICT" name="WebLoginCarLoan" finished-at="2024-09-12T16:26:11 ICT" duration-ms="0" status="PASS">
          <reporter-output>
          </reporter-output>
        </test-method> <!-- WebLoginCarLoan -->
      </class> <!-- test.test3 -->
    </test> <!-- Personal Loan -->
  </suite> <!-- Suite -->
</testng-results>
